<?xml version="1.0" encoding="UTF-8"?>
<!-- Generated by org.testng.reporters.JUnitReportReporter -->
<testsuite hostname="DESKTOP-J4JC96B" failures="0" tests="5" name="com.employeeapitestcases.TC001_GET_All_Employees" time="0.029" errors="0" timestamp="21 Jun 2019 17:35:24 GMT" skipped="0">
  <testcase classname="com.employeeapitestcases.TC001_GET_All_Employees" name="checkstatuscode" time="0.002"/>
  <testcase classname="com.employeeapitestcases.TC001_GET_All_Employees" name="checkContentType" time="0.005"/>
  <testcase classname="com.employeeapitestcases.TC001_GET_All_Employees" name="checkResponseBody" time="0.020"/>
  <testcase classname="com.employeeapitestcases.TC001_GET_All_Employees" name="checkstatusLine" time="0.001"/>
  <testcase classname="com.employeeapitestcases.TC001_GET_All_Employees" name="checkResponseTime" time="0.001"/>
</testsuite> <!-- com.employeeapitestcases.TC001_GET_All_Employees -->
